<?xml version="1.0" encoding="UTF-8"?>
<!-- Generated by org.testng.reporters.JUnitReportReporter -->
<testsuite hostname="DESKTOP-PRQP1M3" failures="0" tests="1" name="runner.GetAllUsersRunner" time="3.443" errors="0" timestamp="2022-07-22T12:57:13 EDT" skipped="0">
  <testcase classname="runner.GetAllUsersRunner" name="runScenario" time="3.443"/>
  <system-out/>
</testsuite> <!-- runner.GetAllUsersRunner -->
