<?xml version="1.0" encoding="UTF-8"?>
<!-- Generated by org.testng.reporters.JUnitReportReporter -->
<testsuite hostname="DESKTOP-PRQP1M3" failures="0" tests="1" name="TestRunner.GetAllUsersRunner" time="2.378" errors="0" timestamp="2022-07-21T18:36:48 EDT" skipped="0">
  <testcase classname="TestRunner.GetAllUsersRunner" name="runScenario" time="2.378"/>
  <system-out/>
</testsuite> <!-- TestRunner.GetAllUsersRunner -->
