<?xml version="1.0" encoding="UTF-8"?>
<!-- Generated by org.testng.reporters.JUnitReportReporter -->
<testsuite hostname="MYLAPTOP" failures="5" tests="21" name="runner.Recipes" time="3.728" errors="0" timestamp="2022-07-21T21:45:37 EDT" skipped="0">
  <testcase classname="runner.Recipes" name="runScenario" time="0.028"/>
  <system-out/>
  <testcase classname="runner.Recipes" name="runScenario" time="0.026">
    <failure message="expected [400] but found [404]" type="java.lang.AssertionError">
      <![CDATA[java.lang.AssertionError: expected [400] but found [404]
at org.testng.Assert.fail(Assert.java:110)
at org.testng.Assert.failNotEquals(Assert.java:1413)
at org.testng.Assert.assertEqualsImpl(Assert.java:149)
at org.testng.Assert.assertEquals(Assert.java:131)
at org.testng.Assert.assertEquals(Assert.java:1240)
at org.testng.Assert.assertEquals(Assert.java:1274)
at RecipesAPI.RecipeAPIGetVegetarianSteps.status_validation_error_will_be_shown(RecipeAPIGetVegetarianSteps.java:68)
at ✽.Status 400 Validation Error will be shown(file:///C:/Users/svatt/git/DieticianAPI-Hackathon/src/test/resources/features/RecipeAPIFeatures/RecipeAPIGetVegetarian.feature:15)
]]>
    </failure>
  </testcase> <!-- runScenario -->
  <system-out/>
  <testcase classname="runner.Recipes" name="runScenario" time="2.919"/>
  <system-out/>
  <testcase classname="runner.Recipes" name="runScenario" time="0.034"/>
  <system-out/>
  <testcase classname="runner.Recipes" name="runScenario" time="0.023"/>
  <system-out/>
  <testcase classname="runner.Recipes" name="runScenario" time="0.037"/>
  <system-out/>
  <testcase classname="runner.Recipes" name="runScenario" time="0.040"/>
  <system-out/>
  <testcase classname="runner.Recipes" name="runScenario" time="0.025"/>
  <system-out/>
  <testcase classname="runner.Recipes" name="runScenario" time="0.210">
    <failure message="expected [400] but found [404]" type="java.lang.AssertionError">
      <![CDATA[java.lang.AssertionError: expected [400] but found [404]
at org.testng.Assert.fail(Assert.java:110)
at org.testng.Assert.failNotEquals(Assert.java:1413)
at org.testng.Assert.assertEqualsImpl(Assert.java:149)
at org.testng.Assert.assertEquals(Assert.java:131)
at org.testng.Assert.assertEquals(Assert.java:1240)
at org.testng.Assert.assertEquals(Assert.java:1274)
at RecipesAPI.RecipeAPIGetRecipeIngredientSteps.status_validation_error_will_be_seen(RecipeAPIGetRecipeIngredientSteps.java:65)
at ✽.Status 400 Validation Error will be seen(file:///C:/Users/svatt/git/DieticianAPI-Hackathon/src/test/resources/features/RecipeAPIFeatures/RecipeAPIGetIngredient.feature:15)
]]>
    </failure>
  </testcase> <!-- runScenario -->
  <system-out/>
  <testcase classname="runner.Recipes" name="runScenario" time="0.028"/>
  <system-out/>
  <testcase classname="runner.Recipes" name="runScenario" time="0.037"/>
  <system-out/>
  <testcase classname="runner.Recipes" name="runScenario" time="0.044"/>
  <system-out/>
  <testcase classname="runner.Recipes" name="runScenario" time="0.040"/>
  <system-out/>
  <testcase classname="runner.Recipes" name="runScenario" time="0.034"/>
  <system-out/>
  <testcase classname="runner.Recipes" name="runScenario" time="0.025"/>
  <system-out/>
  <testcase classname="runner.Recipes" name="runScenario" time="0.025"/>
  <system-out/>
  <testcase classname="runner.Recipes" name="runScenario" time="0.026">
    <failure message="expected [400] but found [404]" type="java.lang.AssertionError">
      <![CDATA[java.lang.AssertionError: expected [400] but found [404]
at org.testng.Assert.fail(Assert.java:110)
at org.testng.Assert.failNotEquals(Assert.java:1413)
at org.testng.Assert.assertEqualsImpl(Assert.java:149)
at org.testng.Assert.assertEquals(Assert.java:131)
at org.testng.Assert.assertEquals(Assert.java:1240)
at org.testng.Assert.assertEquals(Assert.java:1274)
at RecipesAPI.RecipeAPIGetNutrientSteps.status_validation_error(RecipeAPIGetNutrientSteps.java:66)
at ✽.Status 400 Validation Error(file:///C:/Users/svatt/git/DieticianAPI-Hackathon/src/test/resources/features/RecipeAPIFeatures/RecipeAPIGetNutrient.feature:14)
]]>
    </failure>
  </testcase> <!-- runScenario -->
  <system-out/>
  <testcase classname="runner.Recipes" name="runScenario" time="0.040"/>
  <system-out/>
  <testcase classname="runner.Recipes" name="runScenario" time="0.020"/>
  <system-out/>
  <testcase classname="runner.Recipes" name="runScenario" time="0.041">
    <failure message="expected [400] but found [404]" type="java.lang.AssertionError">
      <![CDATA[java.lang.AssertionError: expected [400] but found [404]
at org.testng.Assert.fail(Assert.java:110)
at org.testng.Assert.failNotEquals(Assert.java:1413)
at org.testng.Assert.assertEqualsImpl(Assert.java:149)
at org.testng.Assert.assertEquals(Assert.java:131)
at org.testng.Assert.assertEquals(Assert.java:1240)
at org.testng.Assert.assertEquals(Assert.java:1274)
at RecipesAPI.RecipeAPIGetNonVegetarianSteps.status_Validation_Error_be_displayed(RecipeAPIGetNonVegetarianSteps.java:68)
at ✽.Status 400 Validation Error be displayed(file:///C:/Users/svatt/git/DieticianAPI-Hackathon/src/test/resources/features/RecipeAPIFeatures/RecipeAPIGetNonVegetarian.feature:15)
]]>
    </failure>
  </testcase> <!-- runScenario -->
  <system-out/>
  <testcase classname="runner.Recipes" name="runScenario" time="0.026">
    <failure message="expected [400] but found [404]" type="java.lang.AssertionError">
      <![CDATA[java.lang.AssertionError: expected [400] but found [404]
at org.testng.Assert.fail(Assert.java:110)
at org.testng.Assert.failNotEquals(Assert.java:1413)
at org.testng.Assert.assertEqualsImpl(Assert.java:149)
at org.testng.Assert.assertEquals(Assert.java:131)
at org.testng.Assert.assertEquals(Assert.java:1240)
at org.testng.Assert.assertEquals(Assert.java:1274)
at RecipesAPI.RecipeAPIGetRecipeTypeSteps.status_validation_error_will_be_displays(RecipeAPIGetRecipeTypeSteps.java:69)
at ✽.Status 400 Validation Error will be displays(file:///C:/Users/svatt/git/DieticianAPI-Hackathon/src/test/resources/features/RecipeAPIFeatures/RecipeAPIGetRecipeType.feature:15)
]]>
    </failure>
  </testcase> <!-- runScenario -->
  <system-out/>
</testsuite> <!-- runner.Recipes -->
