<?xml version="1.0" encoding="UTF-8"?>
<!-- Generated by org.testng.reporters.JUnitReportReporter -->
<testsuite hostname="DESKTOP-PRQP1M3" failures="0" tests="1" name="TestRunner.MyTestRunner" time="3.670" errors="0" timestamp="2022-07-20T23:40:16 EDT" skipped="0">
  <testcase classname="TestRunner.MyTestRunner" name="runScenario" time="3.670"/>
  <system-out/>
</testsuite> <!-- TestRunner.MyTestRunner -->
